2025-11-28 16:18:08,759 [INFO] Origem manual geocodificada: Rua Francisco Nodari 399 -> (-25.2912676, -49.2371305)
2025-11-28 16:20:45,667 [INFO] Origem manual geocodificada: Rua Chile 505 -> (-18.0009328, -39.8545256)
2025-11-28 16:20:59,902 [INFO] Origem manual geocodificada: Rua Francisco Nodari 399 -> (-25.2912676, -49.2371305)
2025-11-28 16:21:56,294 [INFO] Nenhuma origem fornecida; usando localização por IP: (-25.5283, -49.2161)
2025-11-28 16:21:57,860 [INFO] WebView de mapa iniciado (PID 6848). Distância: 10.3239 km, Tempo: 17.55 min
2025-11-28 16:24:45,836 [INFO] Nenhuma origem fornecida; usando localização por IP: (-25.5283, -49.2161)
2025-11-28 16:24:47,550 [INFO] WebView de mapa iniciado (PID 15120). Distância: 13.7785 km, Tempo: 20.226666666666667 min
2025-11-28 16:25:33,055 [INFO] Nenhuma origem fornecida; usando localização por IP: (-25.5283, -49.2161)
2025-11-28 16:25:45,191 [INFO] Nenhuma origem fornecida; usando localização por IP: (-25.5283, -49.2161)
2025-11-28 16:25:48,181 [INFO] WebView de mapa iniciado (PID 7576). Distância: 2879.8 km, Tempo: 2346.735 min
2025-11-28 16:26:03,167 [INFO] Nenhuma origem fornecida; usando localização por IP: (-25.5283, -49.2161)
2025-11-28 16:26:09,404 [INFO] Nenhuma origem fornecida; usando localização por IP: (-25.5283, -49.2161)
2025-11-28 16:28:16,287 [INFO] Nenhuma origem fornecida; usando localização por IP: (-25.5283, -49.2161)
2025-11-28 16:47:00,611 [INFO] Processo GPS (WebView) iniciado (PID 3544)
2025-11-28 16:47:10,636 [INFO] Timeout ao aguardar localização via WebView
2025-11-28 16:47:10,986 [INFO] GPS falhou; localização por IP usada: (-25.5283, -49.2161)
2025-11-28 16:47:12,642 [INFO] WebView de mapa iniciado (PID 6368). Distância: 16.6598 km, Tempo: 22.626666666666665 min
2025-11-28 16:47:55,450 [INFO] Processo GPS (WebView) iniciado (PID 2404)
2025-11-28 16:48:05,471 [INFO] Timeout ao aguardar localização via WebView
2025-11-28 16:48:05,817 [INFO] GPS falhou; localização por IP usada: (-25.5283, -49.2161)
2025-11-28 16:48:07,466 [INFO] WebView de mapa iniciado (PID 7756). Distância: 16.6598 km, Tempo: 22.626666666666665 min
2025-11-28 16:49:19,641 [INFO] Nenhuma origem fornecida; usando localização por IP: (-25.5283, -49.2161)
2025-11-28 16:49:21,414 [INFO] WebView de mapa iniciado (PID 15708). Distância: 17.4738 km, Tempo: 25.05666666666667 min
2025-11-28 16:50:21,839 [INFO] Nenhuma origem fornecida; usando localização por IP: (-25.5283, -49.2161)
2025-11-28 16:50:23,570 [INFO] WebView de mapa iniciado (PID 14088). Distância: 17.4738 km, Tempo: 25.05666666666667 min
2025-11-28 16:50:55,794 [INFO] Nenhuma origem fornecida; usando localização por IP: (-25.5283, -49.2161)
2025-11-28 16:50:57,577 [INFO] WebView de mapa iniciado (PID 8416). Distância: 17.4738 km, Tempo: 25.05666666666667 min
2025-11-28 16:52:13,198 [INFO] Nenhuma origem fornecida; usando localização por IP: (-25.5283, -49.2161)
2025-11-28 16:52:14,747 [INFO] WebView de mapa iniciado (PID 16108). Distância: 14.716700000000001 km, Tempo: 24.105 min
2025-11-28 16:53:17,457 [INFO] Nenhuma origem fornecida; usando localização por IP: (-25.5283, -49.2161)
2025-11-28 16:53:19,085 [INFO] WebView de mapa iniciado (PID 3788). Distância: 14.716700000000001 km, Tempo: 24.105 min
2025-11-28 16:55:06,798 [INFO] Nenhuma origem fornecida; usando localização por IP: (-25.5283, -49.2161)
2025-11-28 16:55:08,514 [INFO] WebView de mapa iniciado (PID 6816). Distância: 16.6598 km, Tempo: 22.626666666666665 min
2025-11-28 16:55:27,698 [INFO] Nenhuma origem fornecida; usando localização por IP: (-25.5283, -49.2161)
2025-11-28 16:55:29,770 [INFO] WebView de mapa iniciado (PID 3748). Distância: 16.6598 km, Tempo: 22.626666666666665 min
2025-11-28 16:55:45,466 [INFO] Nenhuma origem fornecida; usando localização por IP: (-25.5283, -49.2161)
2025-11-28 16:55:47,156 [INFO] WebView de mapa iniciado (PID 8456). Distância: 12.696299999999999 km, Tempo: 20.71833333333333 min
2025-11-28 16:56:04,069 [INFO] Nenhuma origem fornecida; usando localização por IP: (-25.5283, -49.2161)
2025-11-28 16:56:05,944 [INFO] WebView de mapa iniciado (PID 14832). Distância: 12.696299999999999 km, Tempo: 20.71833333333333 min
2025-11-28 16:58:59,438 [INFO] Nenhuma origem fornecida; usando localização por IP: (-25.5283, -49.2161)
2025-11-28 16:59:01,363 [INFO] WebView de mapa iniciado (PID 632). Distância: 12.696299999999999 km, Tempo: 20.71833333333333 min
2025-11-28 17:00:56,504 [INFO] Nenhuma origem fornecida; usando localização por IP: (-25.5283, -49.2161)
2025-11-28 17:01:00,369 [INFO] WebView de mapa iniciado (PID 7548). Distância: 12.696299999999999 km, Tempo: 20.71833333333333 min
2025-11-28 17:02:04,406 [INFO] Nenhuma origem fornecida; usando localização por IP: (-25.5283, -49.2161)
2025-11-28 17:02:08,314 [INFO] WebView de mapa iniciado (PID 12688). Distância: 13.5924 km, Tempo: 21.006666666666668 min
2025-11-28 17:02:26,629 [INFO] Nenhuma origem fornecida; usando localização por IP: (-25.5283, -49.2161)
2025-11-28 17:02:29,006 [INFO] WebView de mapa iniciado (PID 6448). Distância: 13.5924 km, Tempo: 21.006666666666668 min
2025-11-28 17:05:17,922 [INFO] Nenhuma origem fornecida; usando localização por IP: (-25.5283, -49.2161)
2025-11-28 17:05:19,894 [INFO] WebView de mapa iniciado (PID 7808). Distância: 11.145700000000001 km, Tempo: 18.678333333333335 min
2025-11-28 17:05:31,093 [INFO] Nenhuma origem fornecida; usando localização por IP: (-25.5283, -49.2161)
2025-11-28 17:05:32,668 [INFO] WebView de mapa iniciado (PID 4892). Distância: 11.145700000000001 km, Tempo: 18.678333333333335 min
2025-11-28 17:06:24,452 [INFO] Nenhuma origem fornecida; usando localização por IP: (-25.5283, -49.2161)
2025-11-28 17:06:26,048 [INFO] WebView de mapa iniciado (PID 9900). Distância: 11.6214 km, Tempo: 17.608333333333334 min
2025-11-28 17:06:37,286 [INFO] Nenhuma origem fornecida; usando localização por IP: (-25.5283, -49.2161)
2025-11-28 17:06:38,806 [INFO] WebView de mapa iniciado (PID 15392). Distância: 11.6214 km, Tempo: 17.608333333333334 min
2025-11-28 17:08:06,689 [INFO] Nenhuma origem fornecida; usando localização por IP: (-25.5283, -49.2161)
2025-11-28 17:08:08,290 [INFO] WebView de mapa iniciado (PID 8404). Distância: 7.6324 km, Tempo: 12.901666666666667 min
2025-11-28 17:08:17,908 [INFO] Nenhuma origem fornecida; usando localização por IP: (-25.5283, -49.2161)
2025-11-28 17:08:19,373 [INFO] WebView de mapa iniciado (PID 5632). Distância: 7.6324 km, Tempo: 12.901666666666667 min
2025-11-28 17:09:47,772 [INFO] Nenhuma origem fornecida; usando localização por IP: (-25.5283, -49.2161)
2025-11-28 17:09:49,652 [INFO] WebView de mapa iniciado (PID 1640). Distância: 9.3743 km, Tempo: 14.241666666666667 min
2025-11-28 17:10:01,343 [INFO] Nenhuma origem fornecida; usando localização por IP: (-25.5283, -49.2161)
2025-11-28 17:10:03,294 [INFO] WebView de mapa iniciado (PID 7204). Distância: 9.3743 km, Tempo: 14.241666666666667 min
2025-11-28 17:10:41,180 [INFO] Nenhuma origem fornecida; usando localização por IP: (-25.5283, -49.2161)
2025-11-28 17:10:42,714 [INFO] WebView de mapa iniciado (PID 3720). Distância: 7.3771 km, Tempo: 13.411666666666667 min
2025-11-28 17:10:53,266 [INFO] Nenhuma origem fornecida; usando localização por IP: (-25.5283, -49.2161)
2025-11-28 17:10:54,845 [INFO] WebView de mapa iniciado (PID 13308). Distância: 7.3771 km, Tempo: 13.411666666666667 min
2025-11-28 17:11:30,301 [INFO] Nenhuma origem fornecida; usando localização por IP: (-25.5283, -49.2161)
2025-11-28 17:11:32,046 [INFO] WebView de mapa iniciado (PID 7148). Distância: 7.962 km, Tempo: 13.825 min
2025-11-28 17:11:49,841 [INFO] Nenhuma origem fornecida; usando localização por IP: (-25.5283, -49.2161)
2025-11-28 17:11:51,509 [INFO] WebView de mapa iniciado (PID 15296). Distância: 7.962 km, Tempo: 13.825 min
2025-11-28 17:12:43,761 [INFO] Nenhuma origem fornecida; usando localização por IP: (-25.5283, -49.2161)
2025-11-28 17:12:45,405 [INFO] WebView de mapa iniciado (PID 14580). Distância: 9.2105 km, Tempo: 13.425 min
2025-11-28 17:13:00,224 [INFO] Nenhuma origem fornecida; usando localização por IP: (-25.5283, -49.2161)
2025-11-28 17:13:01,975 [INFO] WebView de mapa iniciado (PID 11456). Distância: 9.2105 km, Tempo: 13.425 min
2025-11-28 17:18:40,334 [INFO] Nenhuma origem fornecida; usando localização por IP: (-25.5283, -49.2161)
2025-11-28 17:18:42,156 [INFO] WebView de mapa iniciado (PID 15368). Distância: 11.4009 km, Tempo: 16.706666666666667 min
2025-11-28 17:18:53,509 [INFO] Nenhuma origem fornecida; usando localização por IP: (-25.5283, -49.2161)
2025-11-28 17:18:55,570 [INFO] WebView de mapa iniciado (PID 6628). Distância: 11.4009 km, Tempo: 16.706666666666667 min
2025-11-28 17:19:30,454 [INFO] Nenhuma origem fornecida; usando localização por IP: (-25.5283, -49.2161)
2025-11-28 17:19:32,166 [INFO] WebView de mapa iniciado (PID 14564). Distância: 11.7847 km, Tempo: 17.205 min
2025-11-28 17:19:51,348 [INFO] Nenhuma origem fornecida; usando localização por IP: (-25.5283, -49.2161)
2025-11-28 17:19:53,054 [INFO] WebView de mapa iniciado (PID 12472). Distância: 11.7847 km, Tempo: 17.205 min
2025-11-28 17:20:53,023 [INFO] Nenhuma origem fornecida; usando localização por IP: (-25.5283, -49.2161)
2025-11-28 17:20:54,853 [INFO] WebView de mapa iniciado (PID 6864). Distância: 11.859 km, Tempo: 18.368333333333332 min
2025-11-28 17:21:06,694 [INFO] Nenhuma origem fornecida; usando localização por IP: (-25.5283, -49.2161)
2025-11-28 17:21:08,443 [INFO] WebView de mapa iniciado (PID 3544). Distância: 11.859 km, Tempo: 18.368333333333332 min
2025-11-28 17:22:30,910 [INFO] Nenhuma origem fornecida; usando localização por IP: (-25.5283, -49.2161)
2025-11-28 17:22:32,682 [INFO] WebView de mapa iniciado (PID 8744). Distância: 11.859 km, Tempo: 18.368333333333332 min
2025-11-28 17:30:12,278 [INFO] Nenhuma origem fornecida; usando localização por IP: (-25.5283, -49.2161)
2025-11-28 17:30:14,102 [INFO] WebView de mapa iniciado (PID 1164). Distância: 19.4432 km, Tempo: 24.970000000000002 min
2025-11-28 17:34:33,021 [INFO] Nenhuma origem fornecida; usando localização por IP: (-25.5283, -49.2161)
2025-11-28 17:34:34,543 [INFO] WebView de mapa iniciado (PID 3016). Distância: 11.6214 km, Tempo: 17.608333333333334 min
2025-11-28 18:00:43,790 [INFO] Processo GPS (WebView) iniciado (PID 6848)
2025-11-28 18:00:53,817 [INFO] Timeout ao aguardar localização via WebView
2025-11-28 18:00:54,154 [INFO] GPS falhou; localização por IP usada: (-25.5283, -49.2161)
2025-11-28 18:00:55,867 [INFO] WebView de mapa iniciado (PID 10480). Distância: 14.716700000000001 km, Tempo: 24.105 min
2025-11-28 18:02:29,464 [INFO] Processo GPS (WebView) iniciado (PID 3652)
2025-11-28 18:03:34,177 [INFO] Nenhuma origem fornecida; usando localização por IP: (-25.5283, -49.2161)
2025-11-28 18:03:36,076 [INFO] WebView de mapa iniciado (PID 2604). Distância: 16.6598 km, Tempo: 22.626666666666665 min
2025-11-28 18:03:41,458 [INFO] Processo GPS (WebView) iniciado (PID 3672)
2025-11-28 18:03:51,484 [INFO] Timeout ao aguardar localização via WebView
2025-11-28 18:03:51,781 [INFO] GPS falhou; localização por IP usada: (-25.5283, -49.2161)
2025-11-28 18:03:53,534 [ERROR] Erro ao consultar OSRM
Traceback (most recent call last):
  File "C:\Users\BIOSTAR\Desktop\A3_HelpCity\main.py", line 323, in obter_rota_osrm
    with urllib.request.urlopen(url, timeout=8) as response:
         ^^^^^^^^^^^^^^^^^^^^^^^^^^^^^^^^^^^^^^
  File "C:\Program Files\WindowsApps\PythonSoftwareFoundation.Python.3.12_3.12.2800.0_x64__qbz5n2kfra8p0\Lib\urllib\request.py", line 215, in urlopen
    return opener.open(url, data, timeout)
           ^^^^^^^^^^^^^^^^^^^^^^^^^^^^^^^
  File "C:\Program Files\WindowsApps\PythonSoftwareFoundation.Python.3.12_3.12.2800.0_x64__qbz5n2kfra8p0\Lib\urllib\request.py", line 515, in open
    response = self._open(req, data)
               ^^^^^^^^^^^^^^^^^^^^^
  File "C:\Program Files\WindowsApps\PythonSoftwareFoundation.Python.3.12_3.12.2800.0_x64__qbz5n2kfra8p0\Lib\urllib\request.py", line 532, in _open
    result = self._call_chain(self.handle_open, protocol, protocol +
             ^^^^^^^^^^^^^^^^^^^^^^^^^^^^^^^^^^^^^^^^^^^^^^^^^^^^^^^
  File "C:\Program Files\WindowsApps\PythonSoftwareFoundation.Python.3.12_3.12.2800.0_x64__qbz5n2kfra8p0\Lib\urllib\request.py", line 492, in _call_chain
    result = func(*args)
             ^^^^^^^^^^^
  File "C:\Program Files\WindowsApps\PythonSoftwareFoundation.Python.3.12_3.12.2800.0_x64__qbz5n2kfra8p0\Lib\urllib\request.py", line 1392, in https_open
    return self.do_open(http.client.HTTPSConnection, req,
           ^^^^^^^^^^^^^^^^^^^^^^^^^^^^^^^^^^^^^^^^^^^^^^
  File "C:\Program Files\WindowsApps\PythonSoftwareFoundation.Python.3.12_3.12.2800.0_x64__qbz5n2kfra8p0\Lib\urllib\request.py", line 1348, in do_open
    r = h.getresponse()
        ^^^^^^^^^^^^^^^
  File "C:\Program Files\WindowsApps\PythonSoftwareFoundation.Python.3.12_3.12.2800.0_x64__qbz5n2kfra8p0\Lib\http\client.py", line 1430, in getresponse
    response.begin()
  File "C:\Program Files\WindowsApps\PythonSoftwareFoundation.Python.3.12_3.12.2800.0_x64__qbz5n2kfra8p0\Lib\http\client.py", line 331, in begin
    version, status, reason = self._read_status()
                              ^^^^^^^^^^^^^^^^^^^
  File "C:\Program Files\WindowsApps\PythonSoftwareFoundation.Python.3.12_3.12.2800.0_x64__qbz5n2kfra8p0\Lib\http\client.py", line 300, in _read_status
    raise RemoteDisconnected("Remote end closed connection without"
http.client.RemoteDisconnected: Remote end closed connection without response
2025-11-28 18:03:53,555 [INFO] WebView de mapa iniciado (PID 5600). Distância: None km, Tempo: None min
